[debug] [2022-12-28T21:33:01.404Z] ----------------------------------------------------------------------
[debug] [2022-12-28T21:33:01.405Z] Command:       C:\Program Files\nodejs\node.exe C:\Users\chris\AppData\Roaming\npm\node_modules\firebase-tools\lib\bin\firebase.js init
[debug] [2022-12-28T21:33:01.406Z] CLI Version:   11.19.0
[debug] [2022-12-28T21:33:01.406Z] Platform:      win32
[debug] [2022-12-28T21:33:01.406Z] Node Version:  v16.18.0
[debug] [2022-12-28T21:33:01.407Z] Time:          Wed Dec 28 2022 16:33:01 GMT-0500 (Eastern Standard Time)
[debug] [2022-12-28T21:33:01.407Z] ----------------------------------------------------------------------
[debug] 
[debug] [2022-12-28T21:33:01.468Z] Object "" in "firebase.json" has unknown property: {"additionalProperty":"apiKey"}
[debug] [2022-12-28T21:33:01.472Z] > command requires scopes: ["email","openid","https://www.googleapis.com/auth/cloudplatformprojects.readonly","https://www.googleapis.com/auth/firebase","https://www.googleapis.com/auth/cloud-platform"]
[debug] [2022-12-28T21:33:01.473Z] > authorizing via signed-in user (chrismcgale@gmail.com)
[debug] [2022-12-28T21:33:01.473Z] Object "" in "firebase.json" has unknown property: {"additionalProperty":"apiKey"}
[info] 
     ######## #### ########  ######## ########     ###     ######  ########
     ##        ##  ##     ## ##       ##     ##  ##   ##  ##       ##
     ######    ##  ########  ######   ########  #########  ######  ######
     ##        ##  ##    ##  ##       ##     ## ##     ##       ## ##
     ##       #### ##     ## ######## ########  ##     ##  ######  ########

You're about to initialize a Firebase project in this directory:

  C:\Users\chris\OneDrive\Documents\GitHub\tuner-frontend

Before we get started, keep in mind:

  * You are initializing within an existing Firebase project directory

